<?xml version="1.0" encoding="UTF-8"?>
<!-- Generated by org.testng.reporters.JUnitReportReporter -->
<testsuite hostname="ITEM-S147831" failures="0" tests="1" name="testSuit.TC02_UserLoginAndLogout" time="4.648" errors="0" timestamp="2025-04-19T14:51:11 IST" skipped="0">
  <testcase classname="testSuit.TC02_UserLoginAndLogout" name="f" time="4.648"/>
</testsuite> <!-- testSuit.TC02_UserLoginAndLogout -->
