<?xml version="1.0" encoding="UTF-8"?>
<!-- Generated by org.testng.reporters.JUnitReportReporter -->
<testsuite hostname="ITEM-S147831" failures="0" tests="1" name="testSuit.TC02_UserLoginAndLogout" time="13.259" errors="0" timestamp="2025-05-11T18:16:12 IST" skipped="0">
  <testcase classname="testSuit.TC02_UserLoginAndLogout" name="test" time="13.259"/>
</testsuite> <!-- testSuit.TC02_UserLoginAndLogout -->
