<?xml version="1.0" encoding="UTF-8"?>
<!-- Generated by org.testng.reporters.JUnitReportReporter -->
<testsuite hostname="ITEM-S132988" failures="0" tests="1" name="testSuit.TC01_RegisterNewUser" time="13.716" errors="0" timestamp="2025-04-18T19:51:28 IST" skipped="0">
  <testcase classname="testSuit.TC01_RegisterNewUser" name="test" time="13.716"/>
  <system-out/>
</testsuite> <!-- testSuit.TC01_RegisterNewUser -->
