<?xml version="1.0" encoding="UTF-8"?>
<!-- Generated by org.testng.reporters.JUnitReportReporter -->
<testsuite hostname="ITEM-S132988" failures="0" tests="1" name="testSuit.TC04_SearchProducts" time="18.510" errors="0" timestamp="2025-04-18T19:54:26 IST" skipped="0">
  <testcase classname="testSuit.TC04_SearchProducts" name="SerachProducts" time="18.510"/>
  <system-out/>
</testsuite> <!-- testSuit.TC04_SearchProducts -->
