<?xml version="1.0" encoding="UTF-8"?>
<!-- Generated by org.testng.reporters.JUnitReportReporter -->
<testsuite hostname="ITEM-S147831" failures="0" tests="1" name="testSuit.TC01_RegisterNewUser" time="13.671" errors="0" timestamp="2025-04-18T17:20:42 IST" skipped="0">
  <testcase classname="testSuit.TC01_RegisterNewUser" name="test" time="13.671"/>
</testsuite> <!-- testSuit.TC01_RegisterNewUser -->
