<?xml version="1.0" encoding="UTF-8"?>
<!-- Generated by org.testng.reporters.JUnitReportReporter -->
<testsuite hostname="ITEM-S132988" failures="0" tests="1" name="testSuit.TC02_UserLoginAndLogout" time="23.267" errors="0" timestamp="2025-04-21T20:37:51 IST" skipped="0">
  <testcase classname="testSuit.TC02_UserLoginAndLogout" name="f" time="23.267"/>
  <system-out/>
</testsuite> <!-- testSuit.TC02_UserLoginAndLogout -->
