<?xml version="1.0" encoding="UTF-8"?>
<!-- Generated by org.testng.reporters.JUnitReportReporter -->
<testsuite hostname="ITEM-S147831" failures="0" tests="1" name="testSuit.TC03_CreateAndDelCreatedUser" time="3.904" errors="0" timestamp="2025-04-19T14:51:11 IST" skipped="0">
  <testcase classname="testSuit.TC03_CreateAndDelCreatedUser" name="f" time="3.904"/>
</testsuite> <!-- testSuit.TC03_CreateAndDelCreatedUser -->
