<?xml version="1.0" encoding="UTF-8"?>
<!-- Generated by org.testng.reporters.JUnitReportReporter -->
<testsuite hostname="ITEM-S147831" failures="0" tests="1" name="testSuit.TC01_RegisterNewUser" time="10.663" errors="0" timestamp="2025-04-19T14:51:11 IST" skipped="0">
  <testcase classname="testSuit.TC01_RegisterNewUser" name="test" time="10.663"/>
</testsuite> <!-- testSuit.TC01_RegisterNewUser -->
