<?xml version="1.0" encoding="UTF-8"?>
<!-- Generated by org.testng.reporters.JUnitReportReporter -->
<testsuite hostname="ITEM-S132988" failures="0" tests="1" name="testSuit.TC03_CreateAndDelCreatedUser" time="29.460" errors="0" timestamp="2025-04-21T20:37:51 IST" skipped="0">
  <testcase classname="testSuit.TC03_CreateAndDelCreatedUser" name="f" time="29.460"/>
  <system-out/>
</testsuite> <!-- testSuit.TC03_CreateAndDelCreatedUser -->
