<?xml version="1.0" encoding="UTF-8"?>
<!-- Generated by org.testng.reporters.JUnitReportReporter -->
<testsuite hostname="ITEM-S132988" failures="0" tests="1" name="testSuit.TC04_SearchProducts" time="35.698" errors="0" timestamp="2025-04-18T17:10:22 IST" skipped="0">
  <testcase classname="testSuit.TC04_SearchProducts" name="SerachProducts" time="35.698"/>
  <system-out/>
</testsuite> <!-- testSuit.TC04_SearchProducts -->
